<?xml version="1.0" encoding="UTF-8"?>
<!-- Generated by org.testng.reporters.JUnitXMLReporter -->
<testsuite ignored="0" hostname="HELL" failures="0" tests="2" name="Default test" time="12.758" errors="0" timestamp="2024-02-20T21:48:43 IST">
  <testcase classname="automation.testing.selenium.parallel.tests.TestCases" name="launchFacebook" time="4.289"/>
  <testcase classname="automation.testing.selenium.parallel.tests.TestCases" name="launchTwitter" time="5.385"/>
</testsuite> <!-- Default test -->
