<?xml version="1.0" encoding="UTF-8"?>
<testsuite xmlns:xsi="http://www.w3.org/2001/XMLSchema-instance" xsi:noNamespaceSchemaLocation="https://maven.apache.org/surefire/maven-surefire-plugin/xsd/surefire-test-report-3.0.xsd" version="3.0" name="TestSuite" time="13.485" tests="2" errors="0" skipped="0" failures="0">
  <properties>
[...]
</properties>
  <testcase name="launchFacebook" classname="automation.testing.selenium.parallel.tests.TestCases" time="9.061">
    <system-out><![CDATA[Facebook – log in or sign up
]]></system-out>
    <system-err><![CDATA[SLF4J: Failed to load class "org.slf4j.impl.StaticLoggerBinder".
SLF4J: Defaulting to no-operation (NOP) logger implementation
SLF4J: See http://www.slf4j.org/codes.html#StaticLoggerBinder for further details.
]]></system-err>
  </testcase>
  <testcase name="launchTwitter" classname="automation.testing.selenium.parallel.tests.TestCases" time="10.846">
    <system-out><![CDATA[X. It’s what’s happening / X
]]></system-out>
  </testcase>
</testsuite>