<?xml version="1.0" encoding="UTF-8"?>
<testng-results ignored="0" total="2" passed="2" failed="0" skipped="0">
  <reporter-output>
  </reporter-output>
  <suite started-at="2024-02-20T23:49:35 IST" name="Suite" finished-at="2024-02-20T23:49:48 IST" duration-ms="13112">
    <groups>
    </groups>
    <test started-at="2024-02-20T23:49:35 IST" name="Test" finished-at="2024-02-20T23:49:48 IST" duration-ms="13112">
      <class name="automation.testing.selenium.parallel.tests.TestCases">
        <test-method is-config="true" signature="initiateBrowser()[pri:0, instance:automation.testing.selenium.parallel.tests.TestCases@4b0b0854]" started-at="2024-02-20T23:49:35 IST" name="initiateBrowser" finished-at="2024-02-20T23:49:37 IST" duration-ms="1742" status="PASS">
          <reporter-output>
          </reporter-output>
        </test-method> <!-- initiateBrowser -->
        <test-method is-config="true" signature="initiateBrowser()[pri:0, instance:automation.testing.selenium.parallel.tests.TestCases@4b0b0854]" started-at="2024-02-20T23:49:35 IST" name="initiateBrowser" finished-at="2024-02-20T23:49:37 IST" duration-ms="1907" status="PASS">
          <reporter-output>
          </reporter-output>
        </test-method> <!-- initiateBrowser -->
        <test-method signature="launchFacebook()[pri:0, instance:automation.testing.selenium.parallel.tests.TestCases@4b0b0854]" started-at="2024-02-20T23:49:37 IST" name="launchFacebook" finished-at="2024-02-20T23:49:46 IST" duration-ms="9141" status="PASS">
          <reporter-output>
          </reporter-output>
        </test-method> <!-- launchFacebook -->
        <test-method signature="launchTwitter()[pri:0, instance:automation.testing.selenium.parallel.tests.TestCases@4b0b0854]" started-at="2024-02-20T23:49:37 IST" name="launchTwitter" finished-at="2024-02-20T23:49:47 IST" duration-ms="10654" status="PASS">
          <reporter-output>
          </reporter-output>
        </test-method> <!-- launchTwitter -->
        <test-method is-config="true" signature="closeBrowser()[pri:0, instance:automation.testing.selenium.parallel.tests.TestCases@4b0b0854]" started-at="2024-02-20T23:49:46 IST" name="closeBrowser" finished-at="2024-02-20T23:49:46 IST" duration-ms="369" status="PASS">
          <reporter-output>
          </reporter-output>
        </test-method> <!-- closeBrowser -->
        <test-method is-config="true" signature="closeBrowser()[pri:0, instance:automation.testing.selenium.parallel.tests.TestCases@4b0b0854]" started-at="2024-02-20T23:49:47 IST" name="closeBrowser" finished-at="2024-02-20T23:49:48 IST" duration-ms="519" status="PASS">
          <reporter-output>
          </reporter-output>
        </test-method> <!-- closeBrowser -->
      </class> <!-- automation.testing.selenium.parallel.tests.TestCases -->
    </test> <!-- Test -->
  </suite> <!-- Suite -->
</testng-results>
