<?xml version="1.0" encoding="UTF-8"?>
<testng-results ignored="0" total="2" passed="2" failed="0" skipped="0">
  <reporter-output>
  </reporter-output>
  <suite started-at="2024-02-20T23:16:47 IST" name="Suite" finished-at="2024-02-20T23:16:58 IST" duration-ms="10831">
    <groups>
    </groups>
    <test started-at="2024-02-20T23:16:47 IST" name="Test" finished-at="2024-02-20T23:16:58 IST" duration-ms="10831">
      <class name="automation.testing.selenium.parallel.tests.TestCases">
        <test-method is-config="true" signature="initiateBrowser()[pri:0, instance:automation.testing.selenium.parallel.tests.TestCases@16d04d3d]" started-at="2024-02-20T23:16:47 IST" name="initiateBrowser" finished-at="2024-02-20T23:16:49 IST" duration-ms="2169" status="PASS">
          <reporter-output>
          </reporter-output>
        </test-method> <!-- initiateBrowser -->
        <test-method is-config="true" signature="initiateBrowser()[pri:0, instance:automation.testing.selenium.parallel.tests.TestCases@16d04d3d]" started-at="2024-02-20T23:16:47 IST" name="initiateBrowser" finished-at="2024-02-20T23:16:49 IST" duration-ms="1852" status="PASS">
          <reporter-output>
          </reporter-output>
        </test-method> <!-- initiateBrowser -->
        <test-method signature="launchTwitter()[pri:0, instance:automation.testing.selenium.parallel.tests.TestCases@16d04d3d]" started-at="2024-02-20T23:16:49 IST" name="launchTwitter" finished-at="2024-02-20T23:16:57 IST" duration-ms="8630" status="PASS">
          <reporter-output>
          </reporter-output>
        </test-method> <!-- launchTwitter -->
        <test-method signature="launchFacebook()[pri:0, instance:automation.testing.selenium.parallel.tests.TestCases@16d04d3d]" started-at="2024-02-20T23:16:49 IST" name="launchFacebook" finished-at="2024-02-20T23:16:56 IST" duration-ms="7225" status="PASS">
          <reporter-output>
          </reporter-output>
        </test-method> <!-- launchFacebook -->
        <test-method is-config="true" signature="closeBrowser()[pri:0, instance:automation.testing.selenium.parallel.tests.TestCases@16d04d3d]" started-at="2024-02-20T23:16:56 IST" name="closeBrowser" finished-at="2024-02-20T23:16:57 IST" duration-ms="410" status="PASS">
          <reporter-output>
          </reporter-output>
        </test-method> <!-- closeBrowser -->
        <test-method is-config="true" signature="closeBrowser()[pri:0, instance:automation.testing.selenium.parallel.tests.TestCases@16d04d3d]" started-at="2024-02-20T23:16:57 IST" name="closeBrowser" finished-at="2024-02-20T23:16:58 IST" duration-ms="307" status="PASS">
          <reporter-output>
          </reporter-output>
        </test-method> <!-- closeBrowser -->
      </class> <!-- automation.testing.selenium.parallel.tests.TestCases -->
    </test> <!-- Test -->
  </suite> <!-- Suite -->
</testng-results>
